Build started 2011.03.20. 18:36:12.
     1>Project "E:\Visual studio projects\VirtualMouse\Gábor\virtualmouse\virtualmouse\virtualmouse.vcxproj" on node 2 (build target(s)).
     1>InitializeBuildStatus:
         Creating "Debug\virtualmouse.unsuccessfulbuild" because "AlwaysCreate" was specified.
       ClCompile:
         C:\Program Files (x86)\Microsoft Visual Studio 10.0\VC\bin\CL.exe /c /ZI /nologo /W3 /WX- /Od /Oy- /D WIN32 /D _DEBUG /D _CONSOLE /D _UNICODE /D UNICODE /Gm /EHsc /RTC1 /MDd /GS /fp:precise /Zc:wchar_t /Zc:forScope /Fo"Debug\\" /Fd"Debug\vc100.pdb" /Gd /TP /analyze- /errorReport:prompt Motion.cpp main.cpp
         main.cpp
         Generating Code...
         Compiling...
         Motion.cpp
         Generating Code...
       ManifestResourceCompile:
         All outputs are up-to-date.
       Link:
         C:\Program Files (x86)\Microsoft Visual Studio 10.0\VC\bin\link.exe /ERRORREPORT:PROMPT /OUT:"E:\Visual studio projects\VirtualMouse\Gábor\virtualmouse\Debug\virtualmouse.exe" /INCREMENTAL /NOLOGO cv210.lib cxcore210.lib highgui210.lib kernel32.lib user32.lib gdi32.lib winspool.lib comdlg32.lib advapi32.lib shell32.lib ole32.lib oleaut32.lib uuid.lib odbc32.lib odbccp32.lib /MANIFEST /ManifestFile:"Debug\virtualmouse.exe.intermediate.manifest" /MANIFESTUAC:"level='asInvoker' uiAccess='false'" /DEBUG /PDB:"E:\Visual studio projects\VirtualMouse\Gábor\virtualmouse\Debug\virtualmouse.pdb" /SUBSYSTEM:CONSOLE /TLBID:1 /DYNAMICBASE /NXCOMPAT /IMPLIB:"E:\Visual studio projects\VirtualMouse\Gábor\virtualmouse\Debug\virtualmouse.lib" /MACHINE:X86 Debug\virtualmouse.exe.embed.manifest.res
         Debug\Click.obj
         Debug\main.obj
         Debug\Motion.obj
       Manifest:
         C:\Program Files (x86)\Microsoft SDKs\Windows\v7.0A\bin\mt.exe /nologo /verbose /out:"Debug\virtualmouse.exe.embed.manifest" /manifest Debug\virtualmouse.exe.intermediate.manifest
         All outputs are up-to-date.
       LinkEmbedManifest:
         All outputs are up-to-date.
         virtualmouse.vcxproj -> E:\Visual studio projects\VirtualMouse\Gábor\virtualmouse\Debug\virtualmouse.exe
       FinalizeBuildStatus:
         Deleting file "Debug\virtualmouse.unsuccessfulbuild".
         Touching "Debug\virtualmouse.lastbuildstate".
     1>Done Building Project "E:\Visual studio projects\VirtualMouse\Gábor\virtualmouse\virtualmouse\virtualmouse.vcxproj" (build target(s)).

Build succeeded.

Time Elapsed 00:00:02.36
